0 info it worked if it ends with ok
1 verbose cli [ 'C:\\Program Files (x86)\\nodejs\\\\node.exe',
1 verbose cli   'C:\\Program Files (x86)\\nodejs\\node_modules\\npm\\bin\\npm-cli.js',
1 verbose cli   'version',
1 verbose cli   'patch' ]
2 info using npm@2.1.6
3 info using node@v0.11.15
4 verbose node symlink C:\Program Files (x86)\nodejs\\node.exe
5 info git [ 'status', '--porcelain' ]
6 verbose stack Error: Git working directory not clean.
6 verbose stack M config/strategies/facebook.js
6 verbose stack     at C:\Program Files (x86)\nodejs\node_modules\npm\lib\version.js:101:33
6 verbose stack     at ChildProcess.exithandler (child_process.js:735:7)
6 verbose stack     at ChildProcess.emit (events.js:110:17)
6 verbose stack     at maybeClose (child_process.js:1008:16)
6 verbose stack     at Socket.<anonymous> (child_process.js:1176:11)
6 verbose stack     at Socket.emit (events.js:107:17)
6 verbose stack     at Pipe.close (net.js:476:12)
7 verbose cwd C:\Projects\EnchantApi
8 error Windows_NT 6.3.9600
9 error argv "C:\\Program Files (x86)\\nodejs\\\\node.exe" "C:\\Program Files (x86)\\nodejs\\node_modules\\npm\\bin\\npm-cli.js" "version" "patch"
10 error node v0.11.15
11 error npm  v2.1.6
12 error Git working directory not clean.
12 error M config/strategies/facebook.js
13 error If you need help, you may report this error at:
13 error     <http://github.com/npm/npm/issues>
14 verbose exit [ 1, true ]
